[debug] [2026-04-30T09:18:14.569Z] [Firebase Plugin] Activating Firebase extension.
[info] [Firebase Plugin] Checked firebase-tools, is up to date!
[debug] [2026-04-30T09:18:19.027Z] [Firebase Plugin] requireAuthWrapper
[debug] [2026-04-30T09:18:19.028Z] > command requires scopes: ["email","openid","https://www.googleapis.com/auth/cloudplatformprojects.readonly","https://www.googleapis.com/auth/firebase","https://www.googleapis.com/auth/cloud-platform"]
[debug] [2026-04-30T09:18:19.029Z] > authorizing via signed-in user (freshzone.alerts@gmail.com)
[debug] [2026-04-30T09:18:19.031Z] Checked if tokens are valid: true, expires at: 1777542380656
[debug] [2026-04-30T09:18:19.031Z] Checked if tokens are valid: true, expires at: 1777542380656
[debug] [2026-04-30T09:18:19.032Z] [Firebase Plugin] User found:  freshzone.alerts@gmail.com
[info] [Firebase Plugin] (Core:Project) New user detected, fetching projects
[debug] [2026-04-30T09:18:19.033Z] Checked if tokens are valid: true, expires at: 1777542380656
[debug] [2026-04-30T09:18:19.034Z] >>> [apiv2][query] GET https://firebase.googleapis.com/v1beta1/projects pageSize=1000
[info] [Firebase Plugin] Starting SQL Connect toolkit (version 3.4.5) on port 50001
[info] i  dataconnect: downloading dataconnect-emulator-3.4.5.exe... {"metadata":{"emulator":{"name":"dataconnect"},"message":"downloading dataconnect-emulator-3.4.5.exe..."}}
[debug] [2026-04-30T09:18:19.388Z] >>> [apiv2][query] GET https://storage.googleapis.com/firemat-preview-drop/emulator/dataconnect-emulator-windows-amd64-v3.4.5 
[debug] [2026-04-30T09:18:19.896Z] <<< [apiv2][status] GET https://storage.googleapis.com/firemat-preview-drop/emulator/dataconnect-emulator-windows-amd64-v3.4.5 200
[debug] [2026-04-30T09:18:19.897Z] <<< [apiv2][body] GET https://storage.googleapis.com/firemat-preview-drop/emulator/dataconnect-emulator-windows-amd64-v3.4.5 [stream]
[debug] [2026-04-30T09:18:20.230Z] <<< [apiv2][status] GET https://firebase.googleapis.com/v1beta1/projects 200
[debug] [2026-04-30T09:18:20.230Z] <<< [apiv2][body] GET https://firebase.googleapis.com/v1beta1/projects [omitted]
[info] i  dataconnect: Removing outdated emulator files: dataconnect-emulator-3.2.1.exe {"metadata":{"emulator":{"name":"dataconnect"},"message":"Removing outdated emulator files: dataconnect-emulator-3.2.1.exe"}}
[debug] [2026-04-30T09:18:23.412Z] 'fdc build' failed with error: Unable to build your SQL Connect schema and connectors (exit code 1): E0430 17:18:23.373875   18532 cmd.go:43] Error loading data connect config: could not find dataconnect.yaml in `c:\Users\buelv\OneDrive\Desktop\freshzone\dataconnect`
 {"metadata":{"emulator":{"name":"dataconnect"},"message":"'fdc build' failed with error: Unable to build your SQL Connect schema and connectors (exit code 1): E0430 17:18:23.373875   18532 cmd.go:43] Error loading data connect config: could not find dataconnect.yaml in `c:\\Users\\buelv\\OneDrive\\Desktop\\freshzone\\dataconnect`\n"}}
[debug] [2026-04-30T09:18:23.414Z] Ignoring unsupported arg: auto_download {"metadata":{"emulator":{"name":"dataconnect"},"message":"Ignoring unsupported arg: auto_download"}}
[debug] [2026-04-30T09:18:23.415Z] Ignoring unsupported arg: port {"metadata":{"emulator":{"name":"dataconnect"},"message":"Ignoring unsupported arg: port"}}
[debug] [2026-04-30T09:18:23.415Z] Starting SQL Connect Emulator with command {"binary":"C:\\Users\\buelv\\.cache\\firebase\\emulators\\dataconnect-emulator-3.4.5.exe","args":["--logtostderr","-v=2","dev","--listen=localhost:50001","--config_dir=c:\\Users\\buelv\\OneDrive\\Desktop\\freshzone\\dataconnect","--enable_output_schema_extensions=true","--enable_output_generated_sdk=true"],"optionalArgs":["listen","config_dir","enable_output_schema_extensions","enable_output_generated_sdk"],"joinArgs":true,"shell":false,"port":9399} {"metadata":{"emulator":{"name":"dataconnect"},"message":"Starting SQL Connect Emulator with command {\"binary\":\"C:\\\\Users\\\\buelv\\\\.cache\\\\firebase\\\\emulators\\\\dataconnect-emulator-3.4.5.exe\",\"args\":[\"--logtostderr\",\"-v=2\",\"dev\",\"--listen=localhost:50001\",\"--config_dir=c:\\\\Users\\\\buelv\\\\OneDrive\\\\Desktop\\\\freshzone\\\\dataconnect\",\"--enable_output_schema_extensions=true\",\"--enable_output_generated_sdk=true\"],\"optionalArgs\":[\"listen\",\"config_dir\",\"enable_output_schema_extensions\",\"enable_output_generated_sdk\"],\"joinArgs\":true,\"shell\":false,\"port\":9399}"}}
[info] i  dataconnect: SQL Connect Emulator logging to dataconnect-debug.log {"metadata":{"emulator":{"name":"dataconnect"},"message":"SQL Connect Emulator logging to \u001b[1mdataconnect-debug.log\u001b[22m"}}
[debug] [2026-04-30T09:18:23.479Z] E0430 17:18:23.450744    7032 dev.go:83] Failed to load initial config from "c:\\Users\\buelv\\OneDrive\\Desktop\\freshzone\\dataconnect": could not find dataconnect.yaml in `c:\Users\buelv\OneDrive\Desktop\freshzone\dataconnect`
 {"metadata":{"emulator":{"name":"dataconnect"},"message":"E0430 17:18:23.450744    7032 dev.go:83] Failed to load initial config from \"c:\\\\Users\\\\buelv\\\\OneDrive\\\\Desktop\\\\freshzone\\\\dataconnect\": could not find dataconnect.yaml in `c:\\Users\\buelv\\OneDrive\\Desktop\\freshzone\\dataconnect`\n"}}
[debug] [2026-04-30T09:18:23.480Z] E0430 17:18:23.480452    7032 watch.go:116] watchAllDir unable to walk dir `c:\Users\buelv\OneDrive\Desktop\freshzone\dataconnect`: GetFileAttributesEx c:\Users\buelv\OneDrive\Desktop\freshzone\dataconnect: The system cannot find the file specified.
 {"metadata":{"emulator":{"name":"dataconnect"},"message":"E0430 17:18:23.480452    7032 watch.go:116] watchAllDir unable to walk dir `c:\\Users\\buelv\\OneDrive\\Desktop\\freshzone\\dataconnect`: GetFileAttributesEx c:\\Users\\buelv\\OneDrive\\Desktop\\freshzone\\dataconnect: The system cannot find the file specified.\n"}}
[debug] [2026-04-30T09:18:23.489Z] I0430 17:18:23.489174    7032 dev.go:104] Listening on address (HTTP + gRPC): 127.0.0.1:50001
 {"metadata":{"emulator":{"name":"dataconnect"},"message":"I0430 17:18:23.489174    7032 dev.go:104] Listening on address (HTTP + gRPC): 127.0.0.1:50001\n"}}
[error] [Firebase Plugin] error:  {}
[debug] [2026-04-30T09:18:33.480Z] E0430 17:18:33.481128    7032 watch.go:40] Failed to load config from "c:\\Users\\buelv\\OneDrive\\Desktop\\freshzone\\dataconnect": could not find dataconnect.yaml in `c:\Users\buelv\OneDrive\Desktop\freshzone\dataconnect`
 {"metadata":{"emulator":{"name":"dataconnect"},"message":"E0430 17:18:33.481128    7032 watch.go:40] Failed to load config from \"c:\\\\Users\\\\buelv\\\\OneDrive\\\\Desktop\\\\freshzone\\\\dataconnect\": could not find dataconnect.yaml in `c:\\Users\\buelv\\OneDrive\\Desktop\\freshzone\\dataconnect`\n"}}
[debug] [2026-04-30T09:18:43.480Z] E0430 17:18:43.481271    7032 watch.go:40] Failed to load config from "c:\\Users\\buelv\\OneDrive\\Desktop\\freshzone\\dataconnect": could not find dataconnect.yaml in `c:\Users\buelv\OneDrive\Desktop\freshzone\dataconnect`
 {"metadata":{"emulator":{"name":"dataconnect"},"message":"E0430 17:18:43.481271    7032 watch.go:40] Failed to load config from \"c:\\\\Users\\\\buelv\\\\OneDrive\\\\Desktop\\\\freshzone\\\\dataconnect\": could not find dataconnect.yaml in `c:\\Users\\buelv\\OneDrive\\Desktop\\freshzone\\dataconnect`\n"}}
[debug] [2026-04-30T09:18:53.481Z] E0430 17:18:53.481378    7032 watch.go:40] Failed to load config from "c:\\Users\\buelv\\OneDrive\\Desktop\\freshzone\\dataconnect": could not find dataconnect.yaml in `c:\Users\buelv\OneDrive\Desktop\freshzone\dataconnect`
 {"metadata":{"emulator":{"name":"dataconnect"},"message":"E0430 17:18:53.481378    7032 watch.go:40] Failed to load config from \"c:\\\\Users\\\\buelv\\\\OneDrive\\\\Desktop\\\\freshzone\\\\dataconnect\": could not find dataconnect.yaml in `c:\\Users\\buelv\\OneDrive\\Desktop\\freshzone\\dataconnect`\n"}}
[debug] [2026-04-30T09:19:03.481Z] E0430 17:19:03.481525    7032 watch.go:40] Failed to load config from "c:\\Users\\buelv\\OneDrive\\Desktop\\freshzone\\dataconnect": could not find dataconnect.yaml in `c:\Users\buelv\OneDrive\Desktop\freshzone\dataconnect`
 {"metadata":{"emulator":{"name":"dataconnect"},"message":"E0430 17:19:03.481525    7032 watch.go:40] Failed to load config from \"c:\\\\Users\\\\buelv\\\\OneDrive\\\\Desktop\\\\freshzone\\\\dataconnect\": could not find dataconnect.yaml in `c:\\Users\\buelv\\OneDrive\\Desktop\\freshzone\\dataconnect`\n"}}
[debug] [2026-04-30T09:19:13.485Z] E0430 17:19:13.484501    7032 watch.go:40] Failed to load config from "c:\\Users\\buelv\\OneDrive\\Desktop\\freshzone\\dataconnect": could not find dataconnect.yaml in `c:\Users\buelv\OneDrive\Desktop\freshzone\dataconnect`
 {"metadata":{"emulator":{"name":"dataconnect"},"message":"E0430 17:19:13.484501    7032 watch.go:40] Failed to load config from \"c:\\\\Users\\\\buelv\\\\OneDrive\\\\Desktop\\\\freshzone\\\\dataconnect\": could not find dataconnect.yaml in `c:\\Users\\buelv\\OneDrive\\Desktop\\freshzone\\dataconnect`\n"}}
[debug] [2026-04-30T09:19:23.483Z] E0430 17:19:23.481116    7032 watch.go:116] watchAllDir unable to walk dir `c:\Users\buelv\OneDrive\Desktop\freshzone\dataconnect`: GetFileAttributesEx c:\Users\buelv\OneDrive\Desktop\freshzone\dataconnect: The system cannot find the file specified.
E0430 17:19:23.481116    7032 watch.go:40] Failed to load config from "c:\\Users\\buelv\\OneDrive\\Desktop\\freshzone\\dataconnect": could not find dataconnect.yaml in `c:\Users\buelv\OneDrive\Desktop\freshzone\dataconnect`
 {"metadata":{"emulator":{"name":"dataconnect"},"message":"E0430 17:19:23.481116    7032 watch.go:116] watchAllDir unable to walk dir `c:\\Users\\buelv\\OneDrive\\Desktop\\freshzone\\dataconnect`: GetFileAttributesEx c:\\Users\\buelv\\OneDrive\\Desktop\\freshzone\\dataconnect: The system cannot find the file specified.\nE0430 17:19:23.481116    7032 watch.go:40] Failed to load config from \"c:\\\\Users\\\\buelv\\\\OneDrive\\\\Desktop\\\\freshzone\\\\dataconnect\": could not find dataconnect.yaml in `c:\\Users\\buelv\\OneDrive\\Desktop\\freshzone\\dataconnect`\n"}}
[debug] [2026-04-30T09:19:33.481Z] E0430 17:19:33.481480    7032 watch.go:40] Failed to load config from "c:\\Users\\buelv\\OneDrive\\Desktop\\freshzone\\dataconnect": could not find dataconnect.yaml in `c:\Users\buelv\OneDrive\Desktop\freshzone\dataconnect`
 {"metadata":{"emulator":{"name":"dataconnect"},"message":"E0430 17:19:33.481480    7032 watch.go:40] Failed to load config from \"c:\\\\Users\\\\buelv\\\\OneDrive\\\\Desktop\\\\freshzone\\\\dataconnect\": could not find dataconnect.yaml in `c:\\Users\\buelv\\OneDrive\\Desktop\\freshzone\\dataconnect`\n"}}
[debug] [2026-04-30T09:19:43.481Z] E0430 17:19:43.481100    7032 watch.go:40] Failed to load config from "c:\\Users\\buelv\\OneDrive\\Desktop\\freshzone\\dataconnect": could not find dataconnect.yaml in `c:\Users\buelv\OneDrive\Desktop\freshzone\dataconnect`
 {"metadata":{"emulator":{"name":"dataconnect"},"message":"E0430 17:19:43.481100    7032 watch.go:40] Failed to load config from \"c:\\\\Users\\\\buelv\\\\OneDrive\\\\Desktop\\\\freshzone\\\\dataconnect\": could not find dataconnect.yaml in `c:\\Users\\buelv\\OneDrive\\Desktop\\freshzone\\dataconnect`\n"}}
[debug] [2026-04-30T09:19:53.481Z] E0430 17:19:53.481492    7032 watch.go:40] Failed to load config from "c:\\Users\\buelv\\OneDrive\\Desktop\\freshzone\\dataconnect": could not find dataconnect.yaml in `c:\Users\buelv\OneDrive\Desktop\freshzone\dataconnect`
 {"metadata":{"emulator":{"name":"dataconnect"},"message":"E0430 17:19:53.481492    7032 watch.go:40] Failed to load config from \"c:\\\\Users\\\\buelv\\\\OneDrive\\\\Desktop\\\\freshzone\\\\dataconnect\": could not find dataconnect.yaml in `c:\\Users\\buelv\\OneDrive\\Desktop\\freshzone\\dataconnect`\n"}}
[debug] [2026-04-30T09:20:03.481Z] E0430 17:20:03.481111    7032 watch.go:40] Failed to load config from "c:\\Users\\buelv\\OneDrive\\Desktop\\freshzone\\dataconnect": could not find dataconnect.yaml in `c:\Users\buelv\OneDrive\Desktop\freshzone\dataconnect`
 {"metadata":{"emulator":{"name":"dataconnect"},"message":"E0430 17:20:03.481111    7032 watch.go:40] Failed to load config from \"c:\\\\Users\\\\buelv\\\\OneDrive\\\\Desktop\\\\freshzone\\\\dataconnect\": could not find dataconnect.yaml in `c:\\Users\\buelv\\OneDrive\\Desktop\\freshzone\\dataconnect`\n"}}
[debug] [2026-04-30T09:20:13.481Z] E0430 17:20:13.481419    7032 watch.go:40] Failed to load config from "c:\\Users\\buelv\\OneDrive\\Desktop\\freshzone\\dataconnect": could not find dataconnect.yaml in `c:\Users\buelv\OneDrive\Desktop\freshzone\dataconnect`
 {"metadata":{"emulator":{"name":"dataconnect"},"message":"E0430 17:20:13.481419    7032 watch.go:40] Failed to load config from \"c:\\\\Users\\\\buelv\\\\OneDrive\\\\Desktop\\\\freshzone\\\\dataconnect\": could not find dataconnect.yaml in `c:\\Users\\buelv\\OneDrive\\Desktop\\freshzone\\dataconnect`\n"}}
[debug] [2026-04-30T09:20:23.481Z] E0430 17:20:23.481389    7032 watch.go:116] watchAllDir unable to walk dir `c:\Users\buelv\OneDrive\Desktop\freshzone\dataconnect`: GetFileAttributesEx c:\Users\buelv\OneDrive\Desktop\freshzone\dataconnect: The system cannot find the file specified.
 {"metadata":{"emulator":{"name":"dataconnect"},"message":"E0430 17:20:23.481389    7032 watch.go:116] watchAllDir unable to walk dir `c:\\Users\\buelv\\OneDrive\\Desktop\\freshzone\\dataconnect`: GetFileAttributesEx c:\\Users\\buelv\\OneDrive\\Desktop\\freshzone\\dataconnect: The system cannot find the file specified.\n"}}
[debug] [2026-04-30T09:20:23.482Z] E0430 17:20:23.481389    7032 watch.go:40] Failed to load config from "c:\\Users\\buelv\\OneDrive\\Desktop\\freshzone\\dataconnect": could not find dataconnect.yaml in `c:\Users\buelv\OneDrive\Desktop\freshzone\dataconnect`
 {"metadata":{"emulator":{"name":"dataconnect"},"message":"E0430 17:20:23.481389    7032 watch.go:40] Failed to load config from \"c:\\\\Users\\\\buelv\\\\OneDrive\\\\Desktop\\\\freshzone\\\\dataconnect\": could not find dataconnect.yaml in `c:\\Users\\buelv\\OneDrive\\Desktop\\freshzone\\dataconnect`\n"}}
[debug] [2026-04-30T09:20:33.483Z] E0430 17:20:33.482741    7032 watch.go:40] Failed to load config from "c:\\Users\\buelv\\OneDrive\\Desktop\\freshzone\\dataconnect": could not find dataconnect.yaml in `c:\Users\buelv\OneDrive\Desktop\freshzone\dataconnect`
 {"metadata":{"emulator":{"name":"dataconnect"},"message":"E0430 17:20:33.482741    7032 watch.go:40] Failed to load config from \"c:\\\\Users\\\\buelv\\\\OneDrive\\\\Desktop\\\\freshzone\\\\dataconnect\": could not find dataconnect.yaml in `c:\\Users\\buelv\\OneDrive\\Desktop\\freshzone\\dataconnect`\n"}}
[debug] [2026-04-30T09:20:43.481Z] E0430 17:20:43.481252    7032 watch.go:40] Failed to load config from "c:\\Users\\buelv\\OneDrive\\Desktop\\freshzone\\dataconnect": could not find dataconnect.yaml in `c:\Users\buelv\OneDrive\Desktop\freshzone\dataconnect`
 {"metadata":{"emulator":{"name":"dataconnect"},"message":"E0430 17:20:43.481252    7032 watch.go:40] Failed to load config from \"c:\\\\Users\\\\buelv\\\\OneDrive\\\\Desktop\\\\freshzone\\\\dataconnect\": could not find dataconnect.yaml in `c:\\Users\\buelv\\OneDrive\\Desktop\\freshzone\\dataconnect`\n"}}
[debug] [2026-04-30T09:20:53.481Z] E0430 17:20:53.481417    7032 watch.go:40] Failed to load config from "c:\\Users\\buelv\\OneDrive\\Desktop\\freshzone\\dataconnect": could not find dataconnect.yaml in `c:\Users\buelv\OneDrive\Desktop\freshzone\dataconnect`
 {"metadata":{"emulator":{"name":"dataconnect"},"message":"E0430 17:20:53.481417    7032 watch.go:40] Failed to load config from \"c:\\\\Users\\\\buelv\\\\OneDrive\\\\Desktop\\\\freshzone\\\\dataconnect\": could not find dataconnect.yaml in `c:\\Users\\buelv\\OneDrive\\Desktop\\freshzone\\dataconnect`\n"}}
[debug] [2026-04-30T09:21:03.481Z] E0430 17:21:03.481110    7032 watch.go:40] Failed to load config from "c:\\Users\\buelv\\OneDrive\\Desktop\\freshzone\\dataconnect": could not find dataconnect.yaml in `c:\Users\buelv\OneDrive\Desktop\freshzone\dataconnect`
 {"metadata":{"emulator":{"name":"dataconnect"},"message":"E0430 17:21:03.481110    7032 watch.go:40] Failed to load config from \"c:\\\\Users\\\\buelv\\\\OneDrive\\\\Desktop\\\\freshzone\\\\dataconnect\": could not find dataconnect.yaml in `c:\\Users\\buelv\\OneDrive\\Desktop\\freshzone\\dataconnect`\n"}}
[debug] [2026-04-30T09:21:13.481Z] E0430 17:21:13.481250    7032 watch.go:40] Failed to load config from "c:\\Users\\buelv\\OneDrive\\Desktop\\freshzone\\dataconnect": could not find dataconnect.yaml in `c:\Users\buelv\OneDrive\Desktop\freshzone\dataconnect`
 {"metadata":{"emulator":{"name":"dataconnect"},"message":"E0430 17:21:13.481250    7032 watch.go:40] Failed to load config from \"c:\\\\Users\\\\buelv\\\\OneDrive\\\\Desktop\\\\freshzone\\\\dataconnect\": could not find dataconnect.yaml in `c:\\Users\\buelv\\OneDrive\\Desktop\\freshzone\\dataconnect`\n"}}
[debug] [2026-04-30T09:21:23.481Z] E0430 17:21:23.481076    7032 watch.go:40] Failed to load config from "c:\\Users\\buelv\\OneDrive\\Desktop\\freshzone\\dataconnect": could not find dataconnect.yaml in `c:\Users\buelv\OneDrive\Desktop\freshzone\dataconnect`
 {"metadata":{"emulator":{"name":"dataconnect"},"message":"E0430 17:21:23.481076    7032 watch.go:40] Failed to load config from \"c:\\\\Users\\\\buelv\\\\OneDrive\\\\Desktop\\\\freshzone\\\\dataconnect\": could not find dataconnect.yaml in `c:\\Users\\buelv\\OneDrive\\Desktop\\freshzone\\dataconnect`\n"}}
[debug] [2026-04-30T09:21:23.481Z] E0430 17:21:23.481076    7032 watch.go:116] watchAllDir unable to walk dir `c:\Users\buelv\OneDrive\Desktop\freshzone\dataconnect`: GetFileAttributesEx c:\Users\buelv\OneDrive\Desktop\freshzone\dataconnect: The system cannot find the file specified.
 {"metadata":{"emulator":{"name":"dataconnect"},"message":"E0430 17:21:23.481076    7032 watch.go:116] watchAllDir unable to walk dir `c:\\Users\\buelv\\OneDrive\\Desktop\\freshzone\\dataconnect`: GetFileAttributesEx c:\\Users\\buelv\\OneDrive\\Desktop\\freshzone\\dataconnect: The system cannot find the file specified.\n"}}
[debug] [2026-04-30T09:21:33.481Z] E0430 17:21:33.481470    7032 watch.go:40] Failed to load config from "c:\\Users\\buelv\\OneDrive\\Desktop\\freshzone\\dataconnect": could not find dataconnect.yaml in `c:\Users\buelv\OneDrive\Desktop\freshzone\dataconnect`
 {"metadata":{"emulator":{"name":"dataconnect"},"message":"E0430 17:21:33.481470    7032 watch.go:40] Failed to load config from \"c:\\\\Users\\\\buelv\\\\OneDrive\\\\Desktop\\\\freshzone\\\\dataconnect\": could not find dataconnect.yaml in `c:\\Users\\buelv\\OneDrive\\Desktop\\freshzone\\dataconnect`\n"}}
[debug] [2026-04-30T09:21:43.481Z] E0430 17:21:43.481101    7032 watch.go:40] Failed to load config from "c:\\Users\\buelv\\OneDrive\\Desktop\\freshzone\\dataconnect": could not find dataconnect.yaml in `c:\Users\buelv\OneDrive\Desktop\freshzone\dataconnect`
 {"metadata":{"emulator":{"name":"dataconnect"},"message":"E0430 17:21:43.481101    7032 watch.go:40] Failed to load config from \"c:\\\\Users\\\\buelv\\\\OneDrive\\\\Desktop\\\\freshzone\\\\dataconnect\": could not find dataconnect.yaml in `c:\\Users\\buelv\\OneDrive\\Desktop\\freshzone\\dataconnect`\n"}}
[debug] [2026-04-30T09:21:53.481Z] E0430 17:21:53.481399    7032 watch.go:40] Failed to load config from "c:\\Users\\buelv\\OneDrive\\Desktop\\freshzone\\dataconnect": could not find dataconnect.yaml in `c:\Users\buelv\OneDrive\Desktop\freshzone\dataconnect`
 {"metadata":{"emulator":{"name":"dataconnect"},"message":"E0430 17:21:53.481399    7032 watch.go:40] Failed to load config from \"c:\\\\Users\\\\buelv\\\\OneDrive\\\\Desktop\\\\freshzone\\\\dataconnect\": could not find dataconnect.yaml in `c:\\Users\\buelv\\OneDrive\\Desktop\\freshzone\\dataconnect`\n"}}
[debug] [2026-04-30T09:22:03.481Z] E0430 17:22:03.481126    7032 watch.go:40] Failed to load config from "c:\\Users\\buelv\\OneDrive\\Desktop\\freshzone\\dataconnect": could not find dataconnect.yaml in `c:\Users\buelv\OneDrive\Desktop\freshzone\dataconnect`
 {"metadata":{"emulator":{"name":"dataconnect"},"message":"E0430 17:22:03.481126    7032 watch.go:40] Failed to load config from \"c:\\\\Users\\\\buelv\\\\OneDrive\\\\Desktop\\\\freshzone\\\\dataconnect\": could not find dataconnect.yaml in `c:\\Users\\buelv\\OneDrive\\Desktop\\freshzone\\dataconnect`\n"}}
[debug] [2026-04-30T09:22:13.481Z] E0430 17:22:13.481321    7032 watch.go:40] Failed to load config from "c:\\Users\\buelv\\OneDrive\\Desktop\\freshzone\\dataconnect": could not find dataconnect.yaml in `c:\Users\buelv\OneDrive\Desktop\freshzone\dataconnect`
 {"metadata":{"emulator":{"name":"dataconnect"},"message":"E0430 17:22:13.481321    7032 watch.go:40] Failed to load config from \"c:\\\\Users\\\\buelv\\\\OneDrive\\\\Desktop\\\\freshzone\\\\dataconnect\": could not find dataconnect.yaml in `c:\\Users\\buelv\\OneDrive\\Desktop\\freshzone\\dataconnect`\n"}}
[debug] [2026-04-30T09:22:23.480Z] E0430 17:22:23.481025    7032 watch.go:116] watchAllDir unable to walk dir `c:\Users\buelv\OneDrive\Desktop\freshzone\dataconnect`: GetFileAttributesEx c:\Users\buelv\OneDrive\Desktop\freshzone\dataconnect: The system cannot find the file specified.
 {"metadata":{"emulator":{"name":"dataconnect"},"message":"E0430 17:22:23.481025    7032 watch.go:116] watchAllDir unable to walk dir `c:\\Users\\buelv\\OneDrive\\Desktop\\freshzone\\dataconnect`: GetFileAttributesEx c:\\Users\\buelv\\OneDrive\\Desktop\\freshzone\\dataconnect: The system cannot find the file specified.\n"}}
[debug] [2026-04-30T09:22:23.481Z] E0430 17:22:23.481025    7032 watch.go:40] Failed to load config from "c:\\Users\\buelv\\OneDrive\\Desktop\\freshzone\\dataconnect": could not find dataconnect.yaml in `c:\Users\buelv\OneDrive\Desktop\freshzone\dataconnect`
 {"metadata":{"emulator":{"name":"dataconnect"},"message":"E0430 17:22:23.481025    7032 watch.go:40] Failed to load config from \"c:\\\\Users\\\\buelv\\\\OneDrive\\\\Desktop\\\\freshzone\\\\dataconnect\": could not find dataconnect.yaml in `c:\\Users\\buelv\\OneDrive\\Desktop\\freshzone\\dataconnect`\n"}}
[debug] [2026-04-30T09:22:33.481Z] E0430 17:22:33.481566    7032 watch.go:40] Failed to load config from "c:\\Users\\buelv\\OneDrive\\Desktop\\freshzone\\dataconnect": could not find dataconnect.yaml in `c:\Users\buelv\OneDrive\Desktop\freshzone\dataconnect`
 {"metadata":{"emulator":{"name":"dataconnect"},"message":"E0430 17:22:33.481566    7032 watch.go:40] Failed to load config from \"c:\\\\Users\\\\buelv\\\\OneDrive\\\\Desktop\\\\freshzone\\\\dataconnect\": could not find dataconnect.yaml in `c:\\Users\\buelv\\OneDrive\\Desktop\\freshzone\\dataconnect`\n"}}
[debug] [2026-04-30T09:22:43.482Z] E0430 17:22:43.481514    7032 watch.go:40] Failed to load config from "c:\\Users\\buelv\\OneDrive\\Desktop\\freshzone\\dataconnect": could not find dataconnect.yaml in `c:\Users\buelv\OneDrive\Desktop\freshzone\dataconnect`
 {"metadata":{"emulator":{"name":"dataconnect"},"message":"E0430 17:22:43.481514    7032 watch.go:40] Failed to load config from \"c:\\\\Users\\\\buelv\\\\OneDrive\\\\Desktop\\\\freshzone\\\\dataconnect\": could not find dataconnect.yaml in `c:\\Users\\buelv\\OneDrive\\Desktop\\freshzone\\dataconnect`\n"}}
[debug] [2026-04-30T09:22:53.481Z] E0430 17:22:53.481273    7032 watch.go:40] Failed to load config from "c:\\Users\\buelv\\OneDrive\\Desktop\\freshzone\\dataconnect": could not find dataconnect.yaml in `c:\Users\buelv\OneDrive\Desktop\freshzone\dataconnect`
 {"metadata":{"emulator":{"name":"dataconnect"},"message":"E0430 17:22:53.481273    7032 watch.go:40] Failed to load config from \"c:\\\\Users\\\\buelv\\\\OneDrive\\\\Desktop\\\\freshzone\\\\dataconnect\": could not find dataconnect.yaml in `c:\\Users\\buelv\\OneDrive\\Desktop\\freshzone\\dataconnect`\n"}}
[debug] [2026-04-30T09:23:03.481Z] E0430 17:23:03.481030    7032 watch.go:40] Failed to load config from "c:\\Users\\buelv\\OneDrive\\Desktop\\freshzone\\dataconnect": could not find dataconnect.yaml in `c:\Users\buelv\OneDrive\Desktop\freshzone\dataconnect`
 {"metadata":{"emulator":{"name":"dataconnect"},"message":"E0430 17:23:03.481030    7032 watch.go:40] Failed to load config from \"c:\\\\Users\\\\buelv\\\\OneDrive\\\\Desktop\\\\freshzone\\\\dataconnect\": could not find dataconnect.yaml in `c:\\Users\\buelv\\OneDrive\\Desktop\\freshzone\\dataconnect`\n"}}
[debug] [2026-04-30T09:23:13.481Z] E0430 17:23:13.481254    7032 watch.go:40] Failed to load config from "c:\\Users\\buelv\\OneDrive\\Desktop\\freshzone\\dataconnect": could not find dataconnect.yaml in `c:\Users\buelv\OneDrive\Desktop\freshzone\dataconnect`
 {"metadata":{"emulator":{"name":"dataconnect"},"message":"E0430 17:23:13.481254    7032 watch.go:40] Failed to load config from \"c:\\\\Users\\\\buelv\\\\OneDrive\\\\Desktop\\\\freshzone\\\\dataconnect\": could not find dataconnect.yaml in `c:\\Users\\buelv\\OneDrive\\Desktop\\freshzone\\dataconnect`\n"}}
[debug] [2026-04-30T09:23:23.482Z] E0430 17:23:23.481790    7032 watch.go:116] watchAllDir unable to walk dir `c:\Users\buelv\OneDrive\Desktop\freshzone\dataconnect`: GetFileAttributesEx c:\Users\buelv\OneDrive\Desktop\freshzone\dataconnect: The system cannot find the file specified.
 {"metadata":{"emulator":{"name":"dataconnect"},"message":"E0430 17:23:23.481790    7032 watch.go:116] watchAllDir unable to walk dir `c:\\Users\\buelv\\OneDrive\\Desktop\\freshzone\\dataconnect`: GetFileAttributesEx c:\\Users\\buelv\\OneDrive\\Desktop\\freshzone\\dataconnect: The system cannot find the file specified.\n"}}
[debug] [2026-04-30T09:23:23.483Z] E0430 17:23:23.481790    7032 watch.go:40] Failed to load config from "c:\\Users\\buelv\\OneDrive\\Desktop\\freshzone\\dataconnect": could not find dataconnect.yaml in `c:\Users\buelv\OneDrive\Desktop\freshzone\dataconnect`
 {"metadata":{"emulator":{"name":"dataconnect"},"message":"E0430 17:23:23.481790    7032 watch.go:40] Failed to load config from \"c:\\\\Users\\\\buelv\\\\OneDrive\\\\Desktop\\\\freshzone\\\\dataconnect\": could not find dataconnect.yaml in `c:\\Users\\buelv\\OneDrive\\Desktop\\freshzone\\dataconnect`\n"}}
[debug] [2026-04-30T09:23:33.481Z] E0430 17:23:33.481157    7032 watch.go:40] Failed to load config from "c:\\Users\\buelv\\OneDrive\\Desktop\\freshzone\\dataconnect": could not find dataconnect.yaml in `c:\Users\buelv\OneDrive\Desktop\freshzone\dataconnect`
 {"metadata":{"emulator":{"name":"dataconnect"},"message":"E0430 17:23:33.481157    7032 watch.go:40] Failed to load config from \"c:\\\\Users\\\\buelv\\\\OneDrive\\\\Desktop\\\\freshzone\\\\dataconnect\": could not find dataconnect.yaml in `c:\\Users\\buelv\\OneDrive\\Desktop\\freshzone\\dataconnect`\n"}}
[debug] [2026-04-30T09:23:43.481Z] E0430 17:23:43.481196    7032 watch.go:40] Failed to load config from "c:\\Users\\buelv\\OneDrive\\Desktop\\freshzone\\dataconnect": could not find dataconnect.yaml in `c:\Users\buelv\OneDrive\Desktop\freshzone\dataconnect`
 {"metadata":{"emulator":{"name":"dataconnect"},"message":"E0430 17:23:43.481196    7032 watch.go:40] Failed to load config from \"c:\\\\Users\\\\buelv\\\\OneDrive\\\\Desktop\\\\freshzone\\\\dataconnect\": could not find dataconnect.yaml in `c:\\Users\\buelv\\OneDrive\\Desktop\\freshzone\\dataconnect`\n"}}
[debug] [2026-04-30T09:23:53.481Z] E0430 17:23:53.481049    7032 watch.go:40] Failed to load config from "c:\\Users\\buelv\\OneDrive\\Desktop\\freshzone\\dataconnect": could not find dataconnect.yaml in `c:\Users\buelv\OneDrive\Desktop\freshzone\dataconnect`
 {"metadata":{"emulator":{"name":"dataconnect"},"message":"E0430 17:23:53.481049    7032 watch.go:40] Failed to load config from \"c:\\\\Users\\\\buelv\\\\OneDrive\\\\Desktop\\\\freshzone\\\\dataconnect\": could not find dataconnect.yaml in `c:\\Users\\buelv\\OneDrive\\Desktop\\freshzone\\dataconnect`\n"}}
[debug] [2026-04-30T09:24:03.481Z] E0430 17:24:03.481129    7032 watch.go:40] Failed to load config from "c:\\Users\\buelv\\OneDrive\\Desktop\\freshzone\\dataconnect": could not find dataconnect.yaml in `c:\Users\buelv\OneDrive\Desktop\freshzone\dataconnect`
 {"metadata":{"emulator":{"name":"dataconnect"},"message":"E0430 17:24:03.481129    7032 watch.go:40] Failed to load config from \"c:\\\\Users\\\\buelv\\\\OneDrive\\\\Desktop\\\\freshzone\\\\dataconnect\": could not find dataconnect.yaml in `c:\\Users\\buelv\\OneDrive\\Desktop\\freshzone\\dataconnect`\n"}}
[debug] [2026-04-30T09:24:13.481Z] E0430 17:24:13.481190    7032 watch.go:40] Failed to load config from "c:\\Users\\buelv\\OneDrive\\Desktop\\freshzone\\dataconnect": could not find dataconnect.yaml in `c:\Users\buelv\OneDrive\Desktop\freshzone\dataconnect`
 {"metadata":{"emulator":{"name":"dataconnect"},"message":"E0430 17:24:13.481190    7032 watch.go:40] Failed to load config from \"c:\\\\Users\\\\buelv\\\\OneDrive\\\\Desktop\\\\freshzone\\\\dataconnect\": could not find dataconnect.yaml in `c:\\Users\\buelv\\OneDrive\\Desktop\\freshzone\\dataconnect`\n"}}
[debug] [2026-04-30T09:24:23.481Z] E0430 17:24:23.481500    7032 watch.go:116] watchAllDir unable to walk dir `c:\Users\buelv\OneDrive\Desktop\freshzone\dataconnect`: GetFileAttributesEx c:\Users\buelv\OneDrive\Desktop\freshzone\dataconnect: The system cannot find the file specified.
 {"metadata":{"emulator":{"name":"dataconnect"},"message":"E0430 17:24:23.481500    7032 watch.go:116] watchAllDir unable to walk dir `c:\\Users\\buelv\\OneDrive\\Desktop\\freshzone\\dataconnect`: GetFileAttributesEx c:\\Users\\buelv\\OneDrive\\Desktop\\freshzone\\dataconnect: The system cannot find the file specified.\n"}}
[debug] [2026-04-30T09:24:23.482Z] E0430 17:24:23.481500    7032 watch.go:40] Failed to load config from "c:\\Users\\buelv\\OneDrive\\Desktop\\freshzone\\dataconnect": could not find dataconnect.yaml in `c:\Users\buelv\OneDrive\Desktop\freshzone\dataconnect`
 {"metadata":{"emulator":{"name":"dataconnect"},"message":"E0430 17:24:23.481500    7032 watch.go:40] Failed to load config from \"c:\\\\Users\\\\buelv\\\\OneDrive\\\\Desktop\\\\freshzone\\\\dataconnect\": could not find dataconnect.yaml in `c:\\Users\\buelv\\OneDrive\\Desktop\\freshzone\\dataconnect`\n"}}
[debug] [2026-04-30T09:24:33.481Z] E0430 17:24:33.481086    7032 watch.go:40] Failed to load config from "c:\\Users\\buelv\\OneDrive\\Desktop\\freshzone\\dataconnect": could not find dataconnect.yaml in `c:\Users\buelv\OneDrive\Desktop\freshzone\dataconnect`
 {"metadata":{"emulator":{"name":"dataconnect"},"message":"E0430 17:24:33.481086    7032 watch.go:40] Failed to load config from \"c:\\\\Users\\\\buelv\\\\OneDrive\\\\Desktop\\\\freshzone\\\\dataconnect\": could not find dataconnect.yaml in `c:\\Users\\buelv\\OneDrive\\Desktop\\freshzone\\dataconnect`\n"}}
[debug] [2026-04-30T09:24:43.481Z] E0430 17:24:43.481015    7032 watch.go:40] Failed to load config from "c:\\Users\\buelv\\OneDrive\\Desktop\\freshzone\\dataconnect": could not find dataconnect.yaml in `c:\Users\buelv\OneDrive\Desktop\freshzone\dataconnect`
 {"metadata":{"emulator":{"name":"dataconnect"},"message":"E0430 17:24:43.481015    7032 watch.go:40] Failed to load config from \"c:\\\\Users\\\\buelv\\\\OneDrive\\\\Desktop\\\\freshzone\\\\dataconnect\": could not find dataconnect.yaml in `c:\\Users\\buelv\\OneDrive\\Desktop\\freshzone\\dataconnect`\n"}}
[debug] [2026-04-30T09:24:53.481Z] E0430 17:24:53.481313    7032 watch.go:40] Failed to load config from "c:\\Users\\buelv\\OneDrive\\Desktop\\freshzone\\dataconnect": could not find dataconnect.yaml in `c:\Users\buelv\OneDrive\Desktop\freshzone\dataconnect`
 {"metadata":{"emulator":{"name":"dataconnect"},"message":"E0430 17:24:53.481313    7032 watch.go:40] Failed to load config from \"c:\\\\Users\\\\buelv\\\\OneDrive\\\\Desktop\\\\freshzone\\\\dataconnect\": could not find dataconnect.yaml in `c:\\Users\\buelv\\OneDrive\\Desktop\\freshzone\\dataconnect`\n"}}
[debug] [2026-04-30T09:25:03.481Z] E0430 17:25:03.481062    7032 watch.go:40] Failed to load config from "c:\\Users\\buelv\\OneDrive\\Desktop\\freshzone\\dataconnect": could not find dataconnect.yaml in `c:\Users\buelv\OneDrive\Desktop\freshzone\dataconnect`
 {"metadata":{"emulator":{"name":"dataconnect"},"message":"E0430 17:25:03.481062    7032 watch.go:40] Failed to load config from \"c:\\\\Users\\\\buelv\\\\OneDrive\\\\Desktop\\\\freshzone\\\\dataconnect\": could not find dataconnect.yaml in `c:\\Users\\buelv\\OneDrive\\Desktop\\freshzone\\dataconnect`\n"}}
[debug] [2026-04-30T09:25:13.481Z] E0430 17:25:13.481065    7032 watch.go:40] Failed to load config from "c:\\Users\\buelv\\OneDrive\\Desktop\\freshzone\\dataconnect": could not find dataconnect.yaml in `c:\Users\buelv\OneDrive\Desktop\freshzone\dataconnect`
 {"metadata":{"emulator":{"name":"dataconnect"},"message":"E0430 17:25:13.481065    7032 watch.go:40] Failed to load config from \"c:\\\\Users\\\\buelv\\\\OneDrive\\\\Desktop\\\\freshzone\\\\dataconnect\": could not find dataconnect.yaml in `c:\\Users\\buelv\\OneDrive\\Desktop\\freshzone\\dataconnect`\n"}}
[debug] [2026-04-30T09:25:23.560Z] E0430 17:25:23.481428    7032 watch.go:116] watchAllDir unable to walk dir `c:\Users\buelv\OneDrive\Desktop\freshzone\dataconnect`: GetFileAttributesEx c:\Users\buelv\OneDrive\Desktop\freshzone\dataconnect: The system cannot find the file specified.
E0430 17:25:23.481428    7032 watch.go:40] Failed to load config from "c:\\Users\\buelv\\OneDrive\\Desktop\\freshzone\\dataconnect": could not find dataconnect.yaml in `c:\Users\buelv\OneDrive\Desktop\freshzone\dataconnect`
 {"metadata":{"emulator":{"name":"dataconnect"},"message":"E0430 17:25:23.481428    7032 watch.go:116] watchAllDir unable to walk dir `c:\\Users\\buelv\\OneDrive\\Desktop\\freshzone\\dataconnect`: GetFileAttributesEx c:\\Users\\buelv\\OneDrive\\Desktop\\freshzone\\dataconnect: The system cannot find the file specified.\nE0430 17:25:23.481428    7032 watch.go:40] Failed to load config from \"c:\\\\Users\\\\buelv\\\\OneDrive\\\\Desktop\\\\freshzone\\\\dataconnect\": could not find dataconnect.yaml in `c:\\Users\\buelv\\OneDrive\\Desktop\\freshzone\\dataconnect`\n"}}
[debug] [2026-04-30T09:25:33.483Z] E0430 17:25:33.482657    7032 watch.go:40] Failed to load config from "c:\\Users\\buelv\\OneDrive\\Desktop\\freshzone\\dataconnect": could not find dataconnect.yaml in `c:\Users\buelv\OneDrive\Desktop\freshzone\dataconnect`
 {"metadata":{"emulator":{"name":"dataconnect"},"message":"E0430 17:25:33.482657    7032 watch.go:40] Failed to load config from \"c:\\\\Users\\\\buelv\\\\OneDrive\\\\Desktop\\\\freshzone\\\\dataconnect\": could not find dataconnect.yaml in `c:\\Users\\buelv\\OneDrive\\Desktop\\freshzone\\dataconnect`\n"}}
[debug] [2026-04-30T09:25:43.482Z] E0430 17:25:43.481859    7032 watch.go:40] Failed to load config from "c:\\Users\\buelv\\OneDrive\\Desktop\\freshzone\\dataconnect": could not find dataconnect.yaml in `c:\Users\buelv\OneDrive\Desktop\freshzone\dataconnect`
 {"metadata":{"emulator":{"name":"dataconnect"},"message":"E0430 17:25:43.481859    7032 watch.go:40] Failed to load config from \"c:\\\\Users\\\\buelv\\\\OneDrive\\\\Desktop\\\\freshzone\\\\dataconnect\": could not find dataconnect.yaml in `c:\\Users\\buelv\\OneDrive\\Desktop\\freshzone\\dataconnect`\n"}}
[debug] [2026-04-30T09:25:53.481Z] E0430 17:25:53.481242    7032 watch.go:40] Failed to load config from "c:\\Users\\buelv\\OneDrive\\Desktop\\freshzone\\dataconnect": could not find dataconnect.yaml in `c:\Users\buelv\OneDrive\Desktop\freshzone\dataconnect`
 {"metadata":{"emulator":{"name":"dataconnect"},"message":"E0430 17:25:53.481242    7032 watch.go:40] Failed to load config from \"c:\\\\Users\\\\buelv\\\\OneDrive\\\\Desktop\\\\freshzone\\\\dataconnect\": could not find dataconnect.yaml in `c:\\Users\\buelv\\OneDrive\\Desktop\\freshzone\\dataconnect`\n"}}
[debug] [2026-04-30T09:26:03.481Z] E0430 17:26:03.481056    7032 watch.go:40] Failed to load config from "c:\\Users\\buelv\\OneDrive\\Desktop\\freshzone\\dataconnect": could not find dataconnect.yaml in `c:\Users\buelv\OneDrive\Desktop\freshzone\dataconnect`
 {"metadata":{"emulator":{"name":"dataconnect"},"message":"E0430 17:26:03.481056    7032 watch.go:40] Failed to load config from \"c:\\\\Users\\\\buelv\\\\OneDrive\\\\Desktop\\\\freshzone\\\\dataconnect\": could not find dataconnect.yaml in `c:\\Users\\buelv\\OneDrive\\Desktop\\freshzone\\dataconnect`\n"}}
[debug] [2026-04-30T09:26:13.481Z] E0430 17:26:13.481169    7032 watch.go:40] Failed to load config from "c:\\Users\\buelv\\OneDrive\\Desktop\\freshzone\\dataconnect": could not find dataconnect.yaml in `c:\Users\buelv\OneDrive\Desktop\freshzone\dataconnect`
 {"metadata":{"emulator":{"name":"dataconnect"},"message":"E0430 17:26:13.481169    7032 watch.go:40] Failed to load config from \"c:\\\\Users\\\\buelv\\\\OneDrive\\\\Desktop\\\\freshzone\\\\dataconnect\": could not find dataconnect.yaml in `c:\\Users\\buelv\\OneDrive\\Desktop\\freshzone\\dataconnect`\n"}}
[debug] [2026-04-30T09:26:23.481Z] E0430 17:26:23.481237    7032 watch.go:116] watchAllDir unable to walk dir `c:\Users\buelv\OneDrive\Desktop\freshzone\dataconnect`: GetFileAttributesEx c:\Users\buelv\OneDrive\Desktop\freshzone\dataconnect: The system cannot find the file specified.
 {"metadata":{"emulator":{"name":"dataconnect"},"message":"E0430 17:26:23.481237    7032 watch.go:116] watchAllDir unable to walk dir `c:\\Users\\buelv\\OneDrive\\Desktop\\freshzone\\dataconnect`: GetFileAttributesEx c:\\Users\\buelv\\OneDrive\\Desktop\\freshzone\\dataconnect: The system cannot find the file specified.\n"}}
[debug] [2026-04-30T09:26:23.481Z] E0430 17:26:23.481237    7032 watch.go:40] Failed to load config from "c:\\Users\\buelv\\OneDrive\\Desktop\\freshzone\\dataconnect": could not find dataconnect.yaml in `c:\Users\buelv\OneDrive\Desktop\freshzone\dataconnect`
 {"metadata":{"emulator":{"name":"dataconnect"},"message":"E0430 17:26:23.481237    7032 watch.go:40] Failed to load config from \"c:\\\\Users\\\\buelv\\\\OneDrive\\\\Desktop\\\\freshzone\\\\dataconnect\": could not find dataconnect.yaml in `c:\\Users\\buelv\\OneDrive\\Desktop\\freshzone\\dataconnect`\n"}}
[debug] [2026-04-30T09:26:33.481Z] E0430 17:26:33.481267    7032 watch.go:40] Failed to load config from "c:\\Users\\buelv\\OneDrive\\Desktop\\freshzone\\dataconnect": could not find dataconnect.yaml in `c:\Users\buelv\OneDrive\Desktop\freshzone\dataconnect`
 {"metadata":{"emulator":{"name":"dataconnect"},"message":"E0430 17:26:33.481267    7032 watch.go:40] Failed to load config from \"c:\\\\Users\\\\buelv\\\\OneDrive\\\\Desktop\\\\freshzone\\\\dataconnect\": could not find dataconnect.yaml in `c:\\Users\\buelv\\OneDrive\\Desktop\\freshzone\\dataconnect`\n"}}
[debug] [2026-04-30T09:26:43.481Z] E0430 17:26:43.481005    7032 watch.go:40] Failed to load config from "c:\\Users\\buelv\\OneDrive\\Desktop\\freshzone\\dataconnect": could not find dataconnect.yaml in `c:\Users\buelv\OneDrive\Desktop\freshzone\dataconnect`
 {"metadata":{"emulator":{"name":"dataconnect"},"message":"E0430 17:26:43.481005    7032 watch.go:40] Failed to load config from \"c:\\\\Users\\\\buelv\\\\OneDrive\\\\Desktop\\\\freshzone\\\\dataconnect\": could not find dataconnect.yaml in `c:\\Users\\buelv\\OneDrive\\Desktop\\freshzone\\dataconnect`\n"}}
[debug] [2026-04-30T09:26:53.481Z] E0430 17:26:53.481323    7032 watch.go:40] Failed to load config from "c:\\Users\\buelv\\OneDrive\\Desktop\\freshzone\\dataconnect": could not find dataconnect.yaml in `c:\Users\buelv\OneDrive\Desktop\freshzone\dataconnect`
 {"metadata":{"emulator":{"name":"dataconnect"},"message":"E0430 17:26:53.481323    7032 watch.go:40] Failed to load config from \"c:\\\\Users\\\\buelv\\\\OneDrive\\\\Desktop\\\\freshzone\\\\dataconnect\": could not find dataconnect.yaml in `c:\\Users\\buelv\\OneDrive\\Desktop\\freshzone\\dataconnect`\n"}}
[debug] [2026-04-30T09:27:03.481Z] E0430 17:27:03.481310    7032 watch.go:40] Failed to load config from "c:\\Users\\buelv\\OneDrive\\Desktop\\freshzone\\dataconnect": could not find dataconnect.yaml in `c:\Users\buelv\OneDrive\Desktop\freshzone\dataconnect`
 {"metadata":{"emulator":{"name":"dataconnect"},"message":"E0430 17:27:03.481310    7032 watch.go:40] Failed to load config from \"c:\\\\Users\\\\buelv\\\\OneDrive\\\\Desktop\\\\freshzone\\\\dataconnect\": could not find dataconnect.yaml in `c:\\Users\\buelv\\OneDrive\\Desktop\\freshzone\\dataconnect`\n"}}
[debug] [2026-04-30T09:27:13.481Z] E0430 17:27:13.481386    7032 watch.go:40] Failed to load config from "c:\\Users\\buelv\\OneDrive\\Desktop\\freshzone\\dataconnect": could not find dataconnect.yaml in `c:\Users\buelv\OneDrive\Desktop\freshzone\dataconnect`
 {"metadata":{"emulator":{"name":"dataconnect"},"message":"E0430 17:27:13.481386    7032 watch.go:40] Failed to load config from \"c:\\\\Users\\\\buelv\\\\OneDrive\\\\Desktop\\\\freshzone\\\\dataconnect\": could not find dataconnect.yaml in `c:\\Users\\buelv\\OneDrive\\Desktop\\freshzone\\dataconnect`\n"}}
[debug] [2026-04-30T09:27:23.481Z] E0430 17:27:23.481233    7032 watch.go:116] watchAllDir unable to walk dir `c:\Users\buelv\OneDrive\Desktop\freshzone\dataconnect`: GetFileAttributesEx c:\Users\buelv\OneDrive\Desktop\freshzone\dataconnect: The system cannot find the file specified.
E0430 17:27:23.481233    7032 watch.go:40] Failed to load config from "c:\\Users\\buelv\\OneDrive\\Desktop\\freshzone\\dataconnect": could not find dataconnect.yaml in `c:\Users\buelv\OneDrive\Desktop\freshzone\dataconnect`
 {"metadata":{"emulator":{"name":"dataconnect"},"message":"E0430 17:27:23.481233    7032 watch.go:116] watchAllDir unable to walk dir `c:\\Users\\buelv\\OneDrive\\Desktop\\freshzone\\dataconnect`: GetFileAttributesEx c:\\Users\\buelv\\OneDrive\\Desktop\\freshzone\\dataconnect: The system cannot find the file specified.\nE0430 17:27:23.481233    7032 watch.go:40] Failed to load config from \"c:\\\\Users\\\\buelv\\\\OneDrive\\\\Desktop\\\\freshzone\\\\dataconnect\": could not find dataconnect.yaml in `c:\\Users\\buelv\\OneDrive\\Desktop\\freshzone\\dataconnect`\n"}}
[debug] [2026-04-30T09:27:33.481Z] E0430 17:27:33.481286    7032 watch.go:40] Failed to load config from "c:\\Users\\buelv\\OneDrive\\Desktop\\freshzone\\dataconnect": could not find dataconnect.yaml in `c:\Users\buelv\OneDrive\Desktop\freshzone\dataconnect`
 {"metadata":{"emulator":{"name":"dataconnect"},"message":"E0430 17:27:33.481286    7032 watch.go:40] Failed to load config from \"c:\\\\Users\\\\buelv\\\\OneDrive\\\\Desktop\\\\freshzone\\\\dataconnect\": could not find dataconnect.yaml in `c:\\Users\\buelv\\OneDrive\\Desktop\\freshzone\\dataconnect`\n"}}
[debug] [2026-04-30T09:27:43.481Z] E0430 17:27:43.481374    7032 watch.go:40] Failed to load config from "c:\\Users\\buelv\\OneDrive\\Desktop\\freshzone\\dataconnect": could not find dataconnect.yaml in `c:\Users\buelv\OneDrive\Desktop\freshzone\dataconnect`
 {"metadata":{"emulator":{"name":"dataconnect"},"message":"E0430 17:27:43.481374    7032 watch.go:40] Failed to load config from \"c:\\\\Users\\\\buelv\\\\OneDrive\\\\Desktop\\\\freshzone\\\\dataconnect\": could not find dataconnect.yaml in `c:\\Users\\buelv\\OneDrive\\Desktop\\freshzone\\dataconnect`\n"}}
[debug] [2026-04-30T09:27:53.481Z] E0430 17:27:53.481268    7032 watch.go:40] Failed to load config from "c:\\Users\\buelv\\OneDrive\\Desktop\\freshzone\\dataconnect": could not find dataconnect.yaml in `c:\Users\buelv\OneDrive\Desktop\freshzone\dataconnect`
 {"metadata":{"emulator":{"name":"dataconnect"},"message":"E0430 17:27:53.481268    7032 watch.go:40] Failed to load config from \"c:\\\\Users\\\\buelv\\\\OneDrive\\\\Desktop\\\\freshzone\\\\dataconnect\": could not find dataconnect.yaml in `c:\\Users\\buelv\\OneDrive\\Desktop\\freshzone\\dataconnect`\n"}}
[debug] [2026-04-30T09:28:03.481Z] E0430 17:28:03.481203    7032 watch.go:40] Failed to load config from "c:\\Users\\buelv\\OneDrive\\Desktop\\freshzone\\dataconnect": could not find dataconnect.yaml in `c:\Users\buelv\OneDrive\Desktop\freshzone\dataconnect`
 {"metadata":{"emulator":{"name":"dataconnect"},"message":"E0430 17:28:03.481203    7032 watch.go:40] Failed to load config from \"c:\\\\Users\\\\buelv\\\\OneDrive\\\\Desktop\\\\freshzone\\\\dataconnect\": could not find dataconnect.yaml in `c:\\Users\\buelv\\OneDrive\\Desktop\\freshzone\\dataconnect`\n"}}
[debug] [2026-04-30T09:28:13.481Z] E0430 17:28:13.481457    7032 watch.go:40] Failed to load config from "c:\\Users\\buelv\\OneDrive\\Desktop\\freshzone\\dataconnect": could not find dataconnect.yaml in `c:\Users\buelv\OneDrive\Desktop\freshzone\dataconnect`
 {"metadata":{"emulator":{"name":"dataconnect"},"message":"E0430 17:28:13.481457    7032 watch.go:40] Failed to load config from \"c:\\\\Users\\\\buelv\\\\OneDrive\\\\Desktop\\\\freshzone\\\\dataconnect\": could not find dataconnect.yaml in `c:\\Users\\buelv\\OneDrive\\Desktop\\freshzone\\dataconnect`\n"}}
[debug] [2026-04-30T09:28:23.481Z] E0430 17:28:23.481259    7032 watch.go:116] watchAllDir unable to walk dir `c:\Users\buelv\OneDrive\Desktop\freshzone\dataconnect`: GetFileAttributesEx c:\Users\buelv\OneDrive\Desktop\freshzone\dataconnect: The system cannot find the file specified.
 {"metadata":{"emulator":{"name":"dataconnect"},"message":"E0430 17:28:23.481259    7032 watch.go:116] watchAllDir unable to walk dir `c:\\Users\\buelv\\OneDrive\\Desktop\\freshzone\\dataconnect`: GetFileAttributesEx c:\\Users\\buelv\\OneDrive\\Desktop\\freshzone\\dataconnect: The system cannot find the file specified.\n"}}
[debug] [2026-04-30T09:28:23.481Z] E0430 17:28:23.481259    7032 watch.go:40] Failed to load config from "c:\\Users\\buelv\\OneDrive\\Desktop\\freshzone\\dataconnect": could not find dataconnect.yaml in `c:\Users\buelv\OneDrive\Desktop\freshzone\dataconnect`
 {"metadata":{"emulator":{"name":"dataconnect"},"message":"E0430 17:28:23.481259    7032 watch.go:40] Failed to load config from \"c:\\\\Users\\\\buelv\\\\OneDrive\\\\Desktop\\\\freshzone\\\\dataconnect\": could not find dataconnect.yaml in `c:\\Users\\buelv\\OneDrive\\Desktop\\freshzone\\dataconnect`\n"}}
[debug] [2026-04-30T09:28:33.481Z] E0430 17:28:33.481058    7032 watch.go:40] Failed to load config from "c:\\Users\\buelv\\OneDrive\\Desktop\\freshzone\\dataconnect": could not find dataconnect.yaml in `c:\Users\buelv\OneDrive\Desktop\freshzone\dataconnect`
 {"metadata":{"emulator":{"name":"dataconnect"},"message":"E0430 17:28:33.481058    7032 watch.go:40] Failed to load config from \"c:\\\\Users\\\\buelv\\\\OneDrive\\\\Desktop\\\\freshzone\\\\dataconnect\": could not find dataconnect.yaml in `c:\\Users\\buelv\\OneDrive\\Desktop\\freshzone\\dataconnect`\n"}}
[debug] [2026-04-30T09:28:43.481Z] E0430 17:28:43.481989    7032 watch.go:40] Failed to load config from "c:\\Users\\buelv\\OneDrive\\Desktop\\freshzone\\dataconnect": could not find dataconnect.yaml in `c:\Users\buelv\OneDrive\Desktop\freshzone\dataconnect`
 {"metadata":{"emulator":{"name":"dataconnect"},"message":"E0430 17:28:43.481989    7032 watch.go:40] Failed to load config from \"c:\\\\Users\\\\buelv\\\\OneDrive\\\\Desktop\\\\freshzone\\\\dataconnect\": could not find dataconnect.yaml in `c:\\Users\\buelv\\OneDrive\\Desktop\\freshzone\\dataconnect`\n"}}
[debug] [2026-04-30T09:28:53.481Z] E0430 17:28:53.481302    7032 watch.go:40] Failed to load config from "c:\\Users\\buelv\\OneDrive\\Desktop\\freshzone\\dataconnect": could not find dataconnect.yaml in `c:\Users\buelv\OneDrive\Desktop\freshzone\dataconnect`
 {"metadata":{"emulator":{"name":"dataconnect"},"message":"E0430 17:28:53.481302    7032 watch.go:40] Failed to load config from \"c:\\\\Users\\\\buelv\\\\OneDrive\\\\Desktop\\\\freshzone\\\\dataconnect\": could not find dataconnect.yaml in `c:\\Users\\buelv\\OneDrive\\Desktop\\freshzone\\dataconnect`\n"}}
[debug] [2026-04-30T09:29:03.481Z] E0430 17:29:03.481041    7032 watch.go:40] Failed to load config from "c:\\Users\\buelv\\OneDrive\\Desktop\\freshzone\\dataconnect": could not find dataconnect.yaml in `c:\Users\buelv\OneDrive\Desktop\freshzone\dataconnect`
 {"metadata":{"emulator":{"name":"dataconnect"},"message":"E0430 17:29:03.481041    7032 watch.go:40] Failed to load config from \"c:\\\\Users\\\\buelv\\\\OneDrive\\\\Desktop\\\\freshzone\\\\dataconnect\": could not find dataconnect.yaml in `c:\\Users\\buelv\\OneDrive\\Desktop\\freshzone\\dataconnect`\n"}}
[debug] [2026-04-30T09:29:13.481Z] E0430 17:29:13.481195    7032 watch.go:40] Failed to load config from "c:\\Users\\buelv\\OneDrive\\Desktop\\freshzone\\dataconnect": could not find dataconnect.yaml in `c:\Users\buelv\OneDrive\Desktop\freshzone\dataconnect`
 {"metadata":{"emulator":{"name":"dataconnect"},"message":"E0430 17:29:13.481195    7032 watch.go:40] Failed to load config from \"c:\\\\Users\\\\buelv\\\\OneDrive\\\\Desktop\\\\freshzone\\\\dataconnect\": could not find dataconnect.yaml in `c:\\Users\\buelv\\OneDrive\\Desktop\\freshzone\\dataconnect`\n"}}
[debug] [2026-04-30T09:29:23.481Z] E0430 17:29:23.481069    7032 watch.go:116] watchAllDir unable to walk dir `c:\Users\buelv\OneDrive\Desktop\freshzone\dataconnect`: GetFileAttributesEx c:\Users\buelv\OneDrive\Desktop\freshzone\dataconnect: The system cannot find the file specified.
 {"metadata":{"emulator":{"name":"dataconnect"},"message":"E0430 17:29:23.481069    7032 watch.go:116] watchAllDir unable to walk dir `c:\\Users\\buelv\\OneDrive\\Desktop\\freshzone\\dataconnect`: GetFileAttributesEx c:\\Users\\buelv\\OneDrive\\Desktop\\freshzone\\dataconnect: The system cannot find the file specified.\n"}}
[debug] [2026-04-30T09:29:23.481Z] E0430 17:29:23.481069    7032 watch.go:40] Failed to load config from "c:\\Users\\buelv\\OneDrive\\Desktop\\freshzone\\dataconnect": could not find dataconnect.yaml in `c:\Users\buelv\OneDrive\Desktop\freshzone\dataconnect`
 {"metadata":{"emulator":{"name":"dataconnect"},"message":"E0430 17:29:23.481069    7032 watch.go:40] Failed to load config from \"c:\\\\Users\\\\buelv\\\\OneDrive\\\\Desktop\\\\freshzone\\\\dataconnect\": could not find dataconnect.yaml in `c:\\Users\\buelv\\OneDrive\\Desktop\\freshzone\\dataconnect`\n"}}
[debug] [2026-04-30T09:29:33.481Z] E0430 17:29:33.481263    7032 watch.go:40] Failed to load config from "c:\\Users\\buelv\\OneDrive\\Desktop\\freshzone\\dataconnect": could not find dataconnect.yaml in `c:\Users\buelv\OneDrive\Desktop\freshzone\dataconnect`
 {"metadata":{"emulator":{"name":"dataconnect"},"message":"E0430 17:29:33.481263    7032 watch.go:40] Failed to load config from \"c:\\\\Users\\\\buelv\\\\OneDrive\\\\Desktop\\\\freshzone\\\\dataconnect\": could not find dataconnect.yaml in `c:\\Users\\buelv\\OneDrive\\Desktop\\freshzone\\dataconnect`\n"}}
[debug] [2026-04-30T09:29:43.481Z] E0430 17:29:43.481483    7032 watch.go:40] Failed to load config from "c:\\Users\\buelv\\OneDrive\\Desktop\\freshzone\\dataconnect": could not find dataconnect.yaml in `c:\Users\buelv\OneDrive\Desktop\freshzone\dataconnect`
 {"metadata":{"emulator":{"name":"dataconnect"},"message":"E0430 17:29:43.481483    7032 watch.go:40] Failed to load config from \"c:\\\\Users\\\\buelv\\\\OneDrive\\\\Desktop\\\\freshzone\\\\dataconnect\": could not find dataconnect.yaml in `c:\\Users\\buelv\\OneDrive\\Desktop\\freshzone\\dataconnect`\n"}}
[debug] [2026-04-30T09:29:53.481Z] E0430 17:29:53.481257    7032 watch.go:40] Failed to load config from "c:\\Users\\buelv\\OneDrive\\Desktop\\freshzone\\dataconnect": could not find dataconnect.yaml in `c:\Users\buelv\OneDrive\Desktop\freshzone\dataconnect`
 {"metadata":{"emulator":{"name":"dataconnect"},"message":"E0430 17:29:53.481257    7032 watch.go:40] Failed to load config from \"c:\\\\Users\\\\buelv\\\\OneDrive\\\\Desktop\\\\freshzone\\\\dataconnect\": could not find dataconnect.yaml in `c:\\Users\\buelv\\OneDrive\\Desktop\\freshzone\\dataconnect`\n"}}
[debug] [2026-04-30T09:30:03.481Z] E0430 17:30:03.481053    7032 watch.go:40] Failed to load config from "c:\\Users\\buelv\\OneDrive\\Desktop\\freshzone\\dataconnect": could not find dataconnect.yaml in `c:\Users\buelv\OneDrive\Desktop\freshzone\dataconnect`
 {"metadata":{"emulator":{"name":"dataconnect"},"message":"E0430 17:30:03.481053    7032 watch.go:40] Failed to load config from \"c:\\\\Users\\\\buelv\\\\OneDrive\\\\Desktop\\\\freshzone\\\\dataconnect\": could not find dataconnect.yaml in `c:\\Users\\buelv\\OneDrive\\Desktop\\freshzone\\dataconnect`\n"}}
[debug] [2026-04-30T09:30:13.481Z] E0430 17:30:13.481175    7032 watch.go:40] Failed to load config from "c:\\Users\\buelv\\OneDrive\\Desktop\\freshzone\\dataconnect": could not find dataconnect.yaml in `c:\Users\buelv\OneDrive\Desktop\freshzone\dataconnect`
 {"metadata":{"emulator":{"name":"dataconnect"},"message":"E0430 17:30:13.481175    7032 watch.go:40] Failed to load config from \"c:\\\\Users\\\\buelv\\\\OneDrive\\\\Desktop\\\\freshzone\\\\dataconnect\": could not find dataconnect.yaml in `c:\\Users\\buelv\\OneDrive\\Desktop\\freshzone\\dataconnect`\n"}}
[debug] [2026-04-30T09:30:23.481Z] E0430 17:30:23.481259    7032 watch.go:116] watchAllDir unable to walk dir `c:\Users\buelv\OneDrive\Desktop\freshzone\dataconnect`: GetFileAttributesEx c:\Users\buelv\OneDrive\Desktop\freshzone\dataconnect: The system cannot find the file specified.
 {"metadata":{"emulator":{"name":"dataconnect"},"message":"E0430 17:30:23.481259    7032 watch.go:116] watchAllDir unable to walk dir `c:\\Users\\buelv\\OneDrive\\Desktop\\freshzone\\dataconnect`: GetFileAttributesEx c:\\Users\\buelv\\OneDrive\\Desktop\\freshzone\\dataconnect: The system cannot find the file specified.\n"}}
[debug] [2026-04-30T09:30:23.482Z] E0430 17:30:23.481259    7032 watch.go:40] Failed to load config from "c:\\Users\\buelv\\OneDrive\\Desktop\\freshzone\\dataconnect": could not find dataconnect.yaml in `c:\Users\buelv\OneDrive\Desktop\freshzone\dataconnect`
 {"metadata":{"emulator":{"name":"dataconnect"},"message":"E0430 17:30:23.481259    7032 watch.go:40] Failed to load config from \"c:\\\\Users\\\\buelv\\\\OneDrive\\\\Desktop\\\\freshzone\\\\dataconnect\": could not find dataconnect.yaml in `c:\\Users\\buelv\\OneDrive\\Desktop\\freshzone\\dataconnect`\n"}}
[debug] [2026-04-30T09:30:33.481Z] E0430 17:30:33.481531    7032 watch.go:40] Failed to load config from "c:\\Users\\buelv\\OneDrive\\Desktop\\freshzone\\dataconnect": could not find dataconnect.yaml in `c:\Users\buelv\OneDrive\Desktop\freshzone\dataconnect`
 {"metadata":{"emulator":{"name":"dataconnect"},"message":"E0430 17:30:33.481531    7032 watch.go:40] Failed to load config from \"c:\\\\Users\\\\buelv\\\\OneDrive\\\\Desktop\\\\freshzone\\\\dataconnect\": could not find dataconnect.yaml in `c:\\Users\\buelv\\OneDrive\\Desktop\\freshzone\\dataconnect`\n"}}
[debug] [2026-04-30T09:30:43.481Z] E0430 17:30:43.481317    7032 watch.go:40] Failed to load config from "c:\\Users\\buelv\\OneDrive\\Desktop\\freshzone\\dataconnect": could not find dataconnect.yaml in `c:\Users\buelv\OneDrive\Desktop\freshzone\dataconnect`
 {"metadata":{"emulator":{"name":"dataconnect"},"message":"E0430 17:30:43.481317    7032 watch.go:40] Failed to load config from \"c:\\\\Users\\\\buelv\\\\OneDrive\\\\Desktop\\\\freshzone\\\\dataconnect\": could not find dataconnect.yaml in `c:\\Users\\buelv\\OneDrive\\Desktop\\freshzone\\dataconnect`\n"}}
[debug] [2026-04-30T09:30:53.481Z] E0430 17:30:53.481034    7032 watch.go:40] Failed to load config from "c:\\Users\\buelv\\OneDrive\\Desktop\\freshzone\\dataconnect": could not find dataconnect.yaml in `c:\Users\buelv\OneDrive\Desktop\freshzone\dataconnect`
 {"metadata":{"emulator":{"name":"dataconnect"},"message":"E0430 17:30:53.481034    7032 watch.go:40] Failed to load config from \"c:\\\\Users\\\\buelv\\\\OneDrive\\\\Desktop\\\\freshzone\\\\dataconnect\": could not find dataconnect.yaml in `c:\\Users\\buelv\\OneDrive\\Desktop\\freshzone\\dataconnect`\n"}}
[debug] [2026-04-30T09:31:03.481Z] E0430 17:31:03.481131    7032 watch.go:40] Failed to load config from "c:\\Users\\buelv\\OneDrive\\Desktop\\freshzone\\dataconnect": could not find dataconnect.yaml in `c:\Users\buelv\OneDrive\Desktop\freshzone\dataconnect`
 {"metadata":{"emulator":{"name":"dataconnect"},"message":"E0430 17:31:03.481131    7032 watch.go:40] Failed to load config from \"c:\\\\Users\\\\buelv\\\\OneDrive\\\\Desktop\\\\freshzone\\\\dataconnect\": could not find dataconnect.yaml in `c:\\Users\\buelv\\OneDrive\\Desktop\\freshzone\\dataconnect`\n"}}
[debug] [2026-04-30T09:31:13.481Z] E0430 17:31:13.481029    7032 watch.go:40] Failed to load config from "c:\\Users\\buelv\\OneDrive\\Desktop\\freshzone\\dataconnect": could not find dataconnect.yaml in `c:\Users\buelv\OneDrive\Desktop\freshzone\dataconnect`
 {"metadata":{"emulator":{"name":"dataconnect"},"message":"E0430 17:31:13.481029    7032 watch.go:40] Failed to load config from \"c:\\\\Users\\\\buelv\\\\OneDrive\\\\Desktop\\\\freshzone\\\\dataconnect\": could not find dataconnect.yaml in `c:\\Users\\buelv\\OneDrive\\Desktop\\freshzone\\dataconnect`\n"}}
[debug] [2026-04-30T09:31:23.481Z] E0430 17:31:23.481389    7032 watch.go:116] watchAllDir unable to walk dir `c:\Users\buelv\OneDrive\Desktop\freshzone\dataconnect`: GetFileAttributesEx c:\Users\buelv\OneDrive\Desktop\freshzone\dataconnect: The system cannot find the file specified.
 {"metadata":{"emulator":{"name":"dataconnect"},"message":"E0430 17:31:23.481389    7032 watch.go:116] watchAllDir unable to walk dir `c:\\Users\\buelv\\OneDrive\\Desktop\\freshzone\\dataconnect`: GetFileAttributesEx c:\\Users\\buelv\\OneDrive\\Desktop\\freshzone\\dataconnect: The system cannot find the file specified.\n"}}
[debug] [2026-04-30T09:31:23.482Z] E0430 17:31:23.481389    7032 watch.go:40] Failed to load config from "c:\\Users\\buelv\\OneDrive\\Desktop\\freshzone\\dataconnect": could not find dataconnect.yaml in `c:\Users\buelv\OneDrive\Desktop\freshzone\dataconnect`
 {"metadata":{"emulator":{"name":"dataconnect"},"message":"E0430 17:31:23.481389    7032 watch.go:40] Failed to load config from \"c:\\\\Users\\\\buelv\\\\OneDrive\\\\Desktop\\\\freshzone\\\\dataconnect\": could not find dataconnect.yaml in `c:\\Users\\buelv\\OneDrive\\Desktop\\freshzone\\dataconnect`\n"}}
[debug] [2026-04-30T09:31:33.481Z] E0430 17:31:33.481213    7032 watch.go:40] Failed to load config from "c:\\Users\\buelv\\OneDrive\\Desktop\\freshzone\\dataconnect": could not find dataconnect.yaml in `c:\Users\buelv\OneDrive\Desktop\freshzone\dataconnect`
 {"metadata":{"emulator":{"name":"dataconnect"},"message":"E0430 17:31:33.481213    7032 watch.go:40] Failed to load config from \"c:\\\\Users\\\\buelv\\\\OneDrive\\\\Desktop\\\\freshzone\\\\dataconnect\": could not find dataconnect.yaml in `c:\\Users\\buelv\\OneDrive\\Desktop\\freshzone\\dataconnect`\n"}}
[debug] [2026-04-30T09:31:43.481Z] E0430 17:31:43.481070    7032 watch.go:40] Failed to load config from "c:\\Users\\buelv\\OneDrive\\Desktop\\freshzone\\dataconnect": could not find dataconnect.yaml in `c:\Users\buelv\OneDrive\Desktop\freshzone\dataconnect`
 {"metadata":{"emulator":{"name":"dataconnect"},"message":"E0430 17:31:43.481070    7032 watch.go:40] Failed to load config from \"c:\\\\Users\\\\buelv\\\\OneDrive\\\\Desktop\\\\freshzone\\\\dataconnect\": could not find dataconnect.yaml in `c:\\Users\\buelv\\OneDrive\\Desktop\\freshzone\\dataconnect`\n"}}
[debug] [2026-04-30T09:31:53.481Z] E0430 17:31:53.481163    7032 watch.go:40] Failed to load config from "c:\\Users\\buelv\\OneDrive\\Desktop\\freshzone\\dataconnect": could not find dataconnect.yaml in `c:\Users\buelv\OneDrive\Desktop\freshzone\dataconnect`
 {"metadata":{"emulator":{"name":"dataconnect"},"message":"E0430 17:31:53.481163    7032 watch.go:40] Failed to load config from \"c:\\\\Users\\\\buelv\\\\OneDrive\\\\Desktop\\\\freshzone\\\\dataconnect\": could not find dataconnect.yaml in `c:\\Users\\buelv\\OneDrive\\Desktop\\freshzone\\dataconnect`\n"}}
[debug] [2026-04-30T09:32:03.481Z] E0430 17:32:03.481173    7032 watch.go:40] Failed to load config from "c:\\Users\\buelv\\OneDrive\\Desktop\\freshzone\\dataconnect": could not find dataconnect.yaml in `c:\Users\buelv\OneDrive\Desktop\freshzone\dataconnect`
 {"metadata":{"emulator":{"name":"dataconnect"},"message":"E0430 17:32:03.481173    7032 watch.go:40] Failed to load config from \"c:\\\\Users\\\\buelv\\\\OneDrive\\\\Desktop\\\\freshzone\\\\dataconnect\": could not find dataconnect.yaml in `c:\\Users\\buelv\\OneDrive\\Desktop\\freshzone\\dataconnect`\n"}}
[debug] [2026-04-30T09:32:13.481Z] E0430 17:32:13.481303    7032 watch.go:40] Failed to load config from "c:\\Users\\buelv\\OneDrive\\Desktop\\freshzone\\dataconnect": could not find dataconnect.yaml in `c:\Users\buelv\OneDrive\Desktop\freshzone\dataconnect`
 {"metadata":{"emulator":{"name":"dataconnect"},"message":"E0430 17:32:13.481303    7032 watch.go:40] Failed to load config from \"c:\\\\Users\\\\buelv\\\\OneDrive\\\\Desktop\\\\freshzone\\\\dataconnect\": could not find dataconnect.yaml in `c:\\Users\\buelv\\OneDrive\\Desktop\\freshzone\\dataconnect`\n"}}
[debug] [2026-04-30T09:32:23.481Z] E0430 17:32:23.481399    7032 watch.go:116] watchAllDir unable to walk dir `c:\Users\buelv\OneDrive\Desktop\freshzone\dataconnect`: GetFileAttributesEx c:\Users\buelv\OneDrive\Desktop\freshzone\dataconnect: The system cannot find the file specified.
 {"metadata":{"emulator":{"name":"dataconnect"},"message":"E0430 17:32:23.481399    7032 watch.go:116] watchAllDir unable to walk dir `c:\\Users\\buelv\\OneDrive\\Desktop\\freshzone\\dataconnect`: GetFileAttributesEx c:\\Users\\buelv\\OneDrive\\Desktop\\freshzone\\dataconnect: The system cannot find the file specified.\n"}}
[debug] [2026-04-30T09:32:23.481Z] E0430 17:32:23.481399    7032 watch.go:40] Failed to load config from "c:\\Users\\buelv\\OneDrive\\Desktop\\freshzone\\dataconnect": could not find dataconnect.yaml in `c:\Users\buelv\OneDrive\Desktop\freshzone\dataconnect`
 {"metadata":{"emulator":{"name":"dataconnect"},"message":"E0430 17:32:23.481399    7032 watch.go:40] Failed to load config from \"c:\\\\Users\\\\buelv\\\\OneDrive\\\\Desktop\\\\freshzone\\\\dataconnect\": could not find dataconnect.yaml in `c:\\Users\\buelv\\OneDrive\\Desktop\\freshzone\\dataconnect`\n"}}
